build-android-arm64/src/app/android-build/build/intermediates/manifest_merge_blame_file/debug/processDebugMainManifest/manifest-merger-blame-debug-report.txt
1<?xml version="1.0" encoding="utf-8"?>
2<manifest xmlns:android="http://schemas.android.com/apk/res/android"
3    package="com.bigrangatech.myereader"
4    android:installLocation="auto"
5    android:versionCode="1"
6    android:versionName="1.0" >
7
8    <uses-sdk
9        android:minSdkVersion="28"
10        android:targetSdkVersion="36" />
11
12    <uses-permission android:name="android.permission.ACCESS_NETWORK_STATE" />
12-->app/android-build/AndroidManifest.xml:7:5-80
12-->app/android-build/AndroidManifest.xml:7:22-76
13    <uses-permission android:name="android.permission.INTERNET" />
13-->app/android-build/AndroidManifest.xml:8:5-68
13-->app/android-build/AndroidManifest.xml:8:22-64
14    <uses-permission android:name="android.permission.WRITE_EXTERNAL_STORAGE" />
14-->app/android-build/AndroidManifest.xml:9:5-82
14-->app/android-build/AndroidManifest.xml:9:22-78
15
16    <supports-screens
16-->app/android-build/AndroidManifest.xml:10:5-14:39
17        android:anyDensity="true"
17-->app/android-build/AndroidManifest.xml:11:9-34
18        android:largeScreens="true"
18-->app/android-build/AndroidManifest.xml:12:9-36
19        android:normalScreens="true"
19-->app/android-build/AndroidManifest.xml:13:9-37
20        android:smallScreens="true" />
20-->app/android-build/AndroidManifest.xml:14:9-36
21
22    <permission
22-->[androidx.core:core:1.16.0] AndroidManifest.xml:22:5-24:47
23        android:name="com.bigrangatech.myereader.DYNAMIC_RECEIVER_NOT_EXPORTED_PERMISSION"
23-->[androidx.core:core:1.16.0] AndroidManifest.xml:23:9-81
24        android:protectionLevel="signature" />
24-->[androidx.core:core:1.16.0] AndroidManifest.xml:24:9-44
25
26    <uses-permission android:name="com.bigrangatech.myereader.DYNAMIC_RECEIVER_NOT_EXPORTED_PERMISSION" />
26-->[androidx.core:core:1.16.0] AndroidManifest.xml:26:5-97
26-->[androidx.core:core:1.16.0] AndroidManifest.xml:26:22-94
27
28    <application
28-->app/android-build/AndroidManifest.xml:15:5-52:19
29        android:name="org.qtproject.qt.android.bindings.QtApplication"
29-->app/android-build/AndroidManifest.xml:16:9-71
30        android:allowBackup="true"
30-->app/android-build/AndroidManifest.xml:20:9-35
31        android:appComponentFactory="androidx.core.app.CoreComponentFactory"
31-->[androidx.core:core:1.16.0] AndroidManifest.xml:28:18-86
32        android:debuggable="true"
33        android:extractNativeLibs="false"
34        android:fullBackupOnly="false"
34-->app/android-build/AndroidManifest.xml:21:9-39
35        android:hardwareAccelerated="true"
35-->app/android-build/AndroidManifest.xml:17:9-43
36        android:label="ereader"
36-->app/android-build/AndroidManifest.xml:18:9-32
37        android:requestLegacyExternalStorage="true" >
37-->app/android-build/AndroidManifest.xml:19:9-52
38        <activity
38-->app/android-build/AndroidManifest.xml:22:9-41:20
39            android:name="org.qtproject.qt.android.bindings.QtActivity"
39-->app/android-build/AndroidManifest.xml:23:13-72
40            android:configChanges="orientation|uiMode|screenLayout|screenSize|smallestScreenSize|layoutDirection|locale|fontScale|keyboard|keyboardHidden|navigation|mcc|mnc|density"
40-->app/android-build/AndroidManifest.xml:24:13-182
41            android:exported="true"
41-->app/android-build/AndroidManifest.xml:28:13-36
42            android:label="ereader"
42-->app/android-build/AndroidManifest.xml:25:13-36
43            android:launchMode="singleTop"
43-->app/android-build/AndroidManifest.xml:26:13-43
44            android:screenOrientation="unspecified" >
44-->app/android-build/AndroidManifest.xml:27:13-52
45            <intent-filter>
45-->app/android-build/AndroidManifest.xml:29:13-32:29
46                <action android:name="android.intent.action.MAIN" />
46-->app/android-build/AndroidManifest.xml:30:17-69
46-->app/android-build/AndroidManifest.xml:30:25-66
47
48                <category android:name="android.intent.category.LAUNCHER" />
48-->app/android-build/AndroidManifest.xml:31:17-77
48-->app/android-build/AndroidManifest.xml:31:27-74
49            </intent-filter>
50
51            <meta-data
51-->app/android-build/AndroidManifest.xml:34:11-36:43
52                android:name="android.app.lib_name"
52-->app/android-build/AndroidManifest.xml:35:17-52
53                android:value="ereader" />
53-->app/android-build/AndroidManifest.xml:36:17-40
54            <meta-data
54-->app/android-build/AndroidManifest.xml:38:11-40:36
55                android:name="android.app.arguments"
55-->app/android-build/AndroidManifest.xml:39:17-53
56                android:value="" />
56-->app/android-build/AndroidManifest.xml:40:17-33
57        </activity>
58
59        <provider
60            android:name="androidx.core.content.FileProvider"
60-->app/android-build/AndroidManifest.xml:44:13-62
61            android:authorities="com.bigrangatech.myereader.qtprovider"
61-->app/android-build/AndroidManifest.xml:45:13-62
62            android:exported="false"
62-->app/android-build/AndroidManifest.xml:46:13-37
63            android:grantUriPermissions="true" >
63-->app/android-build/AndroidManifest.xml:47:13-47
64            <meta-data
64-->app/android-build/AndroidManifest.xml:48:13-50:59
65                android:name="android.support.FILE_PROVIDER_PATHS"
65-->app/android-build/AndroidManifest.xml:49:17-67
66                android:resource="@xml/qtprovider_paths" />
66-->app/android-build/AndroidManifest.xml:50:17-57
67        </provider>
68        <provider
68-->[androidx.profileinstaller:profileinstaller:1.3.0] AndroidManifest.xml:24:9-32:20
69            android:name="androidx.startup.InitializationProvider"
69-->[androidx.profileinstaller:profileinstaller:1.3.0] AndroidManifest.xml:25:13-67
70            android:authorities="com.bigrangatech.myereader.androidx-startup"
70-->[androidx.profileinstaller:profileinstaller:1.3.0] AndroidManifest.xml:26:13-68
71            android:exported="false" >
71-->[androidx.profileinstaller:profileinstaller:1.3.0] AndroidManifest.xml:27:13-37
72            <meta-data
72-->[androidx.profileinstaller:profileinstaller:1.3.0] AndroidManifest.xml:29:13-31:52
73                android:name="androidx.profileinstaller.ProfileInstallerInitializer"
73-->[androidx.profileinstaller:profileinstaller:1.3.0] AndroidManifest.xml:30:17-85
74                android:value="androidx.startup" />
74-->[androidx.profileinstaller:profileinstaller:1.3.0] AndroidManifest.xml:31:17-49
75        </provider>
76
77        <receiver
77-->[androidx.profileinstaller:profileinstaller:1.3.0] AndroidManifest.xml:34:9-52:20
78            android:name="androidx.profileinstaller.ProfileInstallReceiver"
78-->[androidx.profileinstaller:profileinstaller:1.3.0] AndroidManifest.xml:35:13-76
79            android:directBootAware="false"
79-->[androidx.profileinstaller:profileinstaller:1.3.0] AndroidManifest.xml:36:13-44
80            android:enabled="true"
80-->[androidx.profileinstaller:profileinstaller:1.3.0] AndroidManifest.xml:37:13-35
81            android:exported="true"
81-->[androidx.profileinstaller:profileinstaller:1.3.0] AndroidManifest.xml:38:13-36
82            android:permission="android.permission.DUMP" >
82-->[androidx.profileinstaller:profileinstaller:1.3.0] AndroidManifest.xml:39:13-57
83            <intent-filter>
83-->[androidx.profileinstaller:profileinstaller:1.3.0] AndroidManifest.xml:40:13-42:29
84                <action android:name="androidx.profileinstaller.action.INSTALL_PROFILE" />
84-->[androidx.profileinstaller:profileinstaller:1.3.0] AndroidManifest.xml:41:17-91
84-->[androidx.profileinstaller:profileinstaller:1.3.0] AndroidManifest.xml:41:25-88
85            </intent-filter>
86            <intent-filter>
86-->[androidx.profileinstaller:profileinstaller:1.3.0] AndroidManifest.xml:43:13-45:29
87                <action android:name="androidx.profileinstaller.action.SKIP_FILE" />
87-->[androidx.profileinstaller:profileinstaller:1.3.0] AndroidManifest.xml:44:17-85
87-->[androidx.profileinstaller:profileinstaller:1.3.0] AndroidManifest.xml:44:25-82
88            </intent-filter>
89            <intent-filter>
89-->[androidx.profileinstaller:profileinstaller:1.3.0] AndroidManifest.xml:46:13-48:29
90                <action android:name="androidx.profileinstaller.action.SAVE_PROFILE" />
90-->[androidx.profileinstaller:profileinstaller:1.3.0] AndroidManifest.xml:47:17-88
90-->[androidx.profileinstaller:profileinstaller:1.3.0] AndroidManifest.xml:47:25-85
91            </intent-filter>
92            <intent-filter>
92-->[androidx.profileinstaller:profileinstaller:1.3.0] AndroidManifest.xml:49:13-51:29
93                <action android:name="androidx.profileinstaller.action.BENCHMARK_OPERATION" />
93-->[androidx.profileinstaller:profileinstaller:1.3.0] AndroidManifest.xml:50:17-95
93-->[androidx.profileinstaller:profileinstaller:1.3.0] AndroidManifest.xml:50:25-92
94            </intent-filter>
95        </receiver>
96    </application>
97
98</manifest>